-------------------------------------------------------------------------------
Test set: com.example.teste.TesteApplicationTests
-------------------------------------------------------------------------------
Tests run: 1, Failures: 0, Errors: 1, Skipped: 0, Time elapsed: 0.202 s <<< FAILURE! - in com.example.teste.TesteApplicationTests
com.example.teste.TesteApplicationTests  Time elapsed: 0.201 s  <<< ERROR!
java.lang.IllegalStateException: Unable to find a @SpringBootConfiguration, you need to use @ContextConfiguration or @SpringBootTest(classes=...) with your test

