<?xml version="1.0" encoding="UTF-8"?>
<testsuite xmlns:xsi="http://www.w3.org/2001/XMLSchema-instance" xsi:noNamespaceSchemaLocation="https://maven.apache.org/surefire/maven-surefire-plugin/xsd/surefire-test-report.xsd" name="com.example.teste.TesteApplicationTests" time="0.202" tests="1" errors="1" skipped="0" failures="0">
  <properties>
[...]
</properties>
  <testcase name="com.example.teste.TesteApplicationTests" classname="com.example.teste.TesteApplicationTests" time="0.201">
    <error message="Unable to find a @SpringBootConfiguration, you need to use @ContextConfiguration or @SpringBootTest(classes=...) with your test" type="java.lang.IllegalStateException">java.lang.IllegalStateException: Unable to find a @SpringBootConfiguration, you need to use @ContextConfiguration or @SpringBootTest(classes=...) with your test
</error>
    <system-out><![CDATA[20:32:51.808 [main] DEBUG org.springframework.test.context.BootstrapUtils - Instantiating CacheAwareContextLoaderDelegate from class [org.springframework.test.context.cache.DefaultCacheAwareContextLoaderDelegate]
20:32:51.818 [main] DEBUG org.springframework.test.context.BootstrapUtils - Instantiating BootstrapContext using constructor [public org.springframework.test.context.support.DefaultBootstrapContext(java.lang.Class,org.springframework.test.context.CacheAwareContextLoaderDelegate)]
20:32:51.842 [main] DEBUG org.springframework.test.context.BootstrapUtils - Instantiating TestContextBootstrapper for test class [com.example.teste.TesteApplicationTests] from class [org.springframework.boot.test.context.SpringBootTestContextBootstrapper]
20:32:51.852 [main] INFO org.springframework.boot.test.context.SpringBootTestContextBootstrapper - Neither @ContextConfiguration nor @ContextHierarchy found for test class [com.example.teste.TesteApplicationTests], using SpringBootContextLoader
20:32:51.854 [main] DEBUG org.springframework.test.context.support.AbstractContextLoader - Did not detect default resource location for test class [com.example.teste.TesteApplicationTests]: class path resource [com/example/teste/TesteApplicationTests-context.xml] does not exist
20:32:51.855 [main] DEBUG org.springframework.test.context.support.AbstractContextLoader - Did not detect default resource location for test class [com.example.teste.TesteApplicationTests]: class path resource [com/example/teste/TesteApplicationTestsContext.groovy] does not exist
20:32:51.855 [main] INFO org.springframework.test.context.support.AbstractContextLoader - Could not detect default resource locations for test class [com.example.teste.TesteApplicationTests]: no resource found for suffixes {-context.xml, Context.groovy}.
20:32:51.855 [main] INFO org.springframework.test.context.support.AnnotationConfigContextLoaderUtils - Could not detect default configuration classes for test class [com.example.teste.TesteApplicationTests]: TesteApplicationTests does not declare any static, non-private, non-final, nested classes annotated with @Configuration.
20:32:51.898 [main] DEBUG org.springframework.test.context.support.ActiveProfilesUtils - Could not find an 'annotation declaring class' for annotation type [org.springframework.test.context.ActiveProfiles] and class [com.example.teste.TesteApplicationTests]
]]></system-out>
  </testcase>
</testsuite>